grep: .: Is a directory
grep: ./node_modules: Is a directory
grep: ./node_modules/indexes-of: Is a directory
grep: ./node_modules/pako: Is a directory
grep: ./node_modules/pako/dist: Is a directory
grep: ./node_modules/pako/lib: Is a directory
grep: ./node_modules/pako/lib/utils: Is a directory
grep: ./node_modules/pako/lib/zlib: Is a directory
grep: ./node_modules/postcss-attribute-case-insensitive: Is a directory
grep: ./node_modules/postcss-attribute-case-insensitive/test: Is a directory
grep: ./node_modules/postcss-attribute-case-insensitive/dist: Is a directory
grep: ./node_modules/postcss-attribute-case-insensitive/src: Is a directory
grep: ./node_modules/jest-runtime: Is a directory
grep: ./node_modules/jest-runtime/bin: Is a directory
grep: ./node_modules/jest-runtime/node_modules: Is a directory
grep: ./node_modules/jest-runtime/node_modules/jest-resolve: Is a directory
grep: ./node_modules/jest-runtime/node_modules/jest-resolve/build: Is a directory
grep: ./node_modules/jest-runtime/node_modules/slash: Is a directory
grep: ./node_modules/jest-runtime/build: Is a directory
grep: ./node_modules/jest-runtime/build/cli: Is a directory
grep: ./node_modules/postcss-selector-matches: Is a directory
grep: ./node_modules/postcss-selector-matches/dist: Is a directory
grep: ./node_modules/jest-matcher-utils: Is a directory
grep: ./node_modules/jest-matcher-utils/node_modules: Is a directory
grep: ./node_modules/jest-matcher-utils/node_modules/react-is: Is a directory
grep: ./node_modules/jest-matcher-utils/node_modules/react-is/umd: Is a directory
grep: ./node_modules/jest-matcher-utils/node_modules/react-is/cjs: Is a directory
grep: ./node_modules/jest-matcher-utils/node_modules/ansi-regex: Is a directory
grep: ./node_modules/jest-matcher-utils/node_modules/pretty-format: Is a directory
grep: ./node_modules/jest-matcher-utils/node_modules/pretty-format/build-es5: Is a directory
grep: ./node_modules/jest-matcher-utils/node_modules/pretty-format/build: Is a directory
grep: ./node_modules/jest-matcher-utils/node_modules/pretty-format/build/plugins: Is a directory
grep: ./node_modules/jest-matcher-utils/node_modules/pretty-format/build/plugins/lib: Is a directory
grep: ./node_modules/jest-matcher-utils/node_modules/pretty-format/perf: Is a directory
grep: ./node_modules/jest-matcher-utils/build: Is a directory
grep: ./node_modules/write: Is a directory
grep: ./node_modules/uniqs: Is a directory
grep: ./node_modules/jws: Is a directory
grep: ./node_modules/jws/lib: Is a directory
grep: ./node_modules/workbox-strategies: Is a directory
grep: ./node_modules/workbox-strategies/plugins: Is a directory
grep: ./node_modules/workbox-strategies/utils: Is a directory
grep: ./node_modules/workbox-strategies/build: Is a directory
grep: ./node_modules/callsites: Is a directory
grep: ./node_modules/postcss-merge-longhand: Is a directory
grep: ./node_modules/postcss-merge-longhand/dist: Is a directory
grep: ./node_modules/postcss-merge-longhand/dist/lib: Is a directory
grep: ./node_modules/postcss-merge-longhand/dist/lib/decl: Is a directory
grep: ./node_modules/@alloc: Is a directory
grep: ./node_modules/stringify-object: Is a directory
grep: ./node_modules/tapable: Is a directory
grep: ./node_modules/tapable/lib: Is a directory
grep: ./node_modules/test-exclude: Is a directory
grep: ./node_modules/test-exclude/node_modules: Is a directory
grep: ./node_modules/test-exclude/node_modules/path-type: Is a directory
grep: ./node_modules/test-exclude/node_modules/parse-json: Is a directory
grep: ./node_modules/test-exclude/node_modules/read-pkg-up: Is a directory
grep: ./node_modules/test-exclude/node_modules/pify: Is a directory
grep: ./node_modules/test-exclude/node_modules/load-json-file: Is a directory
grep: ./node_modules/test-exclude/node_modules/read-pkg: Is a directory
grep: ./node_modules/node-forge: Is a directory
grep: ./node_modules/node-forge/dist: Is a directory
grep: ./node_modules/node-forge/flash: Is a directory
grep: ./node_modules/node-forge/flash/swf: Is a directory
grep: ./node_modules/node-forge/lib: Is a directory
grep: ./node_modules/is-extendable: Is a directory
grep: ./node_modules/stable: Is a directory
grep: ./node_modules/regenerator-transform: Is a directory
grep: ./node_modules/regenerator-transform/lib: Is a directory
grep: ./node_modules/regenerator-transform/src: Is a directory
grep: ./node_modules/hex-color-regex: Is a directory
grep: ./node_modules/bser: Is a directory
grep: ./node_modules/simple-swizzle: Is a directory
grep: ./node_modules/simple-swizzle/node_modules: Is a directory
grep: ./node_modules/simple-swizzle/node_modules/is-arrayish: Is a directory
grep: ./node_modules/jest-docblock: Is a directory
grep: ./node_modules/jest-docblock/build: Is a directory
grep: ./node_modules/@pkgjs: Is a directory
grep: ./node_modules/eslint-loader: Is a directory
grep: ./node_modules/cssnano-util-same-parent: Is a directory
grep: ./node_modules/cssnano-util-same-parent/dist: Is a directory
grep: ./node_modules/css-loader: Is a directory
grep: ./node_modules/css-loader/dist: Is a directory
grep: ./node_modules/css-loader/dist/plugins: Is a directory
grep: ./node_modules/css-loader/dist/runtime: Is a directory
grep: ./node_modules/define-data-property: Is a directory
grep: ./node_modules/define-data-property/test: Is a directory
grep: ./node_modules/define-data-property/.github: Is a directory
grep: ./node_modules/babylon: Is a directory
grep: ./node_modules/babylon/bin: Is a directory
grep: ./node_modules/babylon/lib: Is a directory
grep: ./node_modules/is-bigint: Is a directory
grep: ./node_modules/is-bigint/test: Is a directory
grep: ./node_modules/is-bigint/.github: Is a directory
grep: ./node_modules/is-windows: Is a directory
grep: ./node_modules/which-boxed-primitive: Is a directory
grep: ./node_modules/which-boxed-primitive/test: Is a directory
grep: ./node_modules/which-boxed-primitive/.github: Is a directory
grep: ./node_modules/destroy: Is a directory
grep: ./node_modules/jsesc: Is a directory
grep: ./node_modules/jsesc/man: Is a directory
grep: ./node_modules/jsesc/bin: Is a directory
grep: ./node_modules/postcss-page-break: Is a directory
grep: ./node_modules/pirates: Is a directory
grep: ./node_modules/pirates/lib: Is a directory
grep: ./node_modules/hosted-git-info: Is a directory
grep: ./node_modules/async-limiter: Is a directory
grep: ./node_modules/browserify-rsa: Is a directory
grep: ./node_modules/asn1: Is a directory
grep: ./node_modules/asn1/lib: Is a directory
grep: ./node_modules/asn1/lib/ber: Is a directory
grep: ./node_modules/@types: Is a directory
grep: ./node_modules/@types/testing-library__jest-dom: Is a directory
grep: ./node_modules/@types/stack-utils: Is a directory
grep: ./node_modules/@types/react-transition-group: Is a directory
grep: ./node_modules/@types/istanbul-reports: Is a directory
grep: ./node_modules/@types/parse-json: Is a directory
grep: ./node_modules/@types/aria-query: Is a directory
grep: ./node_modules/@types/babel__template: Is a directory
grep: ./node_modules/@types/yargs-parser: Is a directory
grep: ./node_modules/@types/scheduler: Is a directory
grep: ./node_modules/@types/istanbul-lib-report: Is a directory
grep: ./node_modules/@types/react-dom: Is a directory
grep: ./node_modules/@types/react-dom/test-utils: Is a directory
grep: ./node_modules/@types/istanbul-lib-coverage: Is a directory
grep: ./node_modules/@types/babel__generator: Is a directory
grep: ./node_modules/@types/babel__traverse: Is a directory
grep: ./node_modules/@types/prop-types: Is a directory
grep: ./node_modules/@types/yargs: Is a directory
grep: ./node_modules/@types/node: Is a directory
grep: ./node_modules/@types/node/ts4.8: Is a directory
grep: ./node_modules/@types/node/ts4.8/timers: Is a directory
grep: ./node_modules/@types/node/ts4.8/stream: Is a directory
grep: ./node_modules/@types/node/ts4.8/readline: Is a directory
grep: ./node_modules/@types/node/ts4.8/assert: Is a directory
grep: ./node_modules/@types/node/ts4.8/dns: Is a directory
grep: ./node_modules/@types/node/ts4.8/fs: Is a directory
grep: ./node_modules/@types/node/timers: Is a directory
grep: ./node_modules/@types/node/stream: Is a directory
grep: ./node_modules/@types/node/readline: Is a directory
grep: ./node_modules/@types/node/assert: Is a directory
grep: ./node_modules/@types/node/dns: Is a directory
grep: ./node_modules/@types/node/fs: Is a directory
grep: ./node_modules/@types/babel__core: Is a directory
grep: ./node_modules/@types/react: Is a directory
grep: ./node_modules/@types/react/ts5.0: Is a directory
grep: ./node_modules/@types/q: Is a directory
grep: ./node_modules/@types/jest: Is a directory
grep: ./node_modules/@types/jest/node_modules: Is a directory
grep: ./node_modules/@types/jest/node_modules/jest-matcher-utils: Is a directory
grep: ./node_modules/@types/jest/node_modules/jest-matcher-utils/build: Is a directory
grep: ./node_modules/@types/jest/node_modules/@types: Is a directory
grep: ./node_modules/@types/jest/node_modules/@types/yargs: Is a directory
grep: ./node_modules/@types/jest/node_modules/diff-sequences: Is a directory
grep: ./node_modules/@types/jest/node_modules/diff-sequences/build: Is a directory
grep: ./node_modules/@types/jest/node_modules/react-is: Is a directory
grep: ./node_modules/@types/jest/node_modules/react-is/umd: Is a directory
grep: ./node_modules/@types/jest/node_modules/react-is/cjs: Is a directory
grep: ./node_modules/@types/jest/node_modules/@jest: Is a directory
grep: ./node_modules/@types/jest/node_modules/@jest/types: Is a directory
grep: ./node_modules/@types/jest/node_modules/@jest/types/build: Is a directory
grep: ./node_modules/@types/jest/node_modules/@jest/schemas: Is a directory
grep: ./node_modules/@types/jest/node_modules/@jest/schemas/build: Is a directory
grep: ./node_modules/@types/jest/node_modules/color-name: Is a directory
grep: ./node_modules/@types/jest/node_modules/chalk: Is a directory
grep: ./node_modules/@types/jest/node_modules/chalk/source: Is a directory
grep: ./node_modules/@types/jest/node_modules/has-flag: Is a directory
grep: ./node_modules/@types/jest/node_modules/supports-color: Is a directory
grep: ./node_modules/@types/jest/node_modules/color-convert: Is a directory
grep: ./node_modules/@types/jest/node_modules/ansi-styles: Is a directory
grep: ./node_modules/@types/jest/node_modules/@sinclair: Is a directory
grep: ./node_modules/@types/jest/node_modules/@sinclair/typebox: Is a directory
grep: ./node_modules/@types/jest/node_modules/@sinclair/typebox/value: Is a directory
grep: ./node_modules/@types/jest/node_modules/@sinclair/typebox/system: Is a directory
grep: ./node_modules/@types/jest/node_modules/@sinclair/typebox/errors: Is a directory
grep: ./node_modules/@types/jest/node_modules/@sinclair/typebox/compiler: Is a directory
grep: ./node_modules/@types/jest/node_modules/jest-util: Is a directory
grep: ./node_modules/@types/jest/node_modules/jest-util/build: Is a directory
grep: ./node_modules/@types/jest/node_modules/jest-get-type: Is a directory
grep: ./node_modules/@types/jest/node_modules/jest-get-type/build: Is a directory
grep: ./node_modules/@types/jest/node_modules/jest-message-util: Is a directory
grep: ./node_modules/@types/jest/node_modules/jest-message-util/build: Is a directory
grep: ./node_modules/@types/jest/node_modules/pretty-format: Is a directory
grep: ./node_modules/@types/jest/node_modules/pretty-format/node_modules: Is a directory
grep: ./node_modules/@types/jest/node_modules/pretty-format/node_modules/ansi-styles: Is a directory
grep: ./node_modules/@types/jest/node_modules/pretty-format/build: Is a directory
grep: ./node_modules/@types/jest/node_modules/pretty-format/build/plugins: Is a directory
grep: ./node_modules/@types/jest/node_modules/pretty-format/build/plugins/lib: Is a directory
grep: ./node_modules/@types/jest/node_modules/jest-diff: Is a directory
grep: ./node_modules/@types/jest/node_modules/jest-diff/build: Is a directory
grep: ./node_modules/@types/jest/node_modules/expect: Is a directory
grep: ./node_modules/@types/jest/node_modules/expect/build: Is a directory
grep: ./node_modules/globals: Is a directory
grep: ./node_modules/is-regexp: Is a directory
grep: ./node_modules/lodash.tail: Is a directory
grep: ./node_modules/@xtuc: Is a directory
grep: ./node_modules/@xtuc/ieee754: Is a directory
grep: ./node_modules/@xtuc/ieee754/dist: Is a directory
grep: ./node_modules/@xtuc/long: Is a directory
grep: ./node_modules/@xtuc/long/dist: Is a directory
grep: ./node_modules/@xtuc/long/src: Is a directory
grep: ./node_modules/constants-browserify: Is a directory
grep: ./node_modules/node-notifier: Is a directory
grep: ./node_modules/node-notifier/node_modules: Is a directory
grep: ./node_modules/node-notifier/node_modules/.bin: Is a directory
grep: ./node_modules/node-notifier/node_modules/semver: Is a directory
grep: ./node_modules/node-notifier/node_modules/semver/bin: Is a directory
grep: ./node_modules/node-notifier/lib: Is a directory
grep: ./node_modules/node-notifier/notifiers: Is a directory
grep: ./node_modules/node-notifier/vendor: Is a directory
grep: ./node_modules/node-notifier/vendor/mac.noindex: Is a directory
grep: ./node_modules/node-notifier/vendor/mac.noindex/terminal-notifier.app: Is a directory
grep: ./node_modules/node-notifier/vendor/mac.noindex/terminal-notifier.app/Contents: Is a directory
grep: ./node_modules/node-notifier/vendor/mac.noindex/terminal-notifier.app/Contents/MacOS: Is a directory
grep: ./node_modules/node-notifier/vendor/mac.noindex/terminal-notifier.app/Contents/Resources: Is a directory
grep: ./node_modules/node-notifier/vendor/mac.noindex/terminal-notifier.app/Contents/Resources/en.lproj: Is a directory
grep: ./node_modules/node-notifier/vendor/snoreToast: Is a directory
grep: ./node_modules/node-notifier/vendor/notifu: Is a directory
grep: ./node_modules/run-queue: Is a directory
grep: ./node_modules/lodash.includes: Is a directory
grep: ./node_modules/lodash: Is a directory
grep: ./node_modules/lodash/fp: Is a directory
grep: ./node_modules/workbox-precaching: Is a directory
grep: ./node_modules/workbox-precaching/utils: Is a directory
grep: ./node_modules/workbox-precaching/build: Is a directory
grep: ./node_modules/diff-sequences: Is a directory
grep: ./node_modules/diff-sequences/build: Is a directory
grep: ./node_modules/diff-sequences/perf: Is a directory
grep: ./node_modules/html-minifier: Is a directory
grep: ./node_modules/html-minifier/src: Is a directory
grep: ./node_modules/detect-newline: Is a directory
grep: ./node_modules/postcss-env-function: Is a directory
grep: ./node_modules/p-reduce: Is a directory
grep: ./node_modules/browserslist: Is a directory
grep: ./node_modules/on-headers: Is a directory
grep: ./node_modules/istanbul-lib-source-maps: Is a directory
grep: ./node_modules/istanbul-lib-source-maps/lib: Is a directory
grep: ./node_modules/dns-packet: Is a directory
grep: ./node_modules/process-nextick-args: Is a directory
grep: ./node_modules/shebang-regex: Is a directory
grep: ./node_modules/arr-diff: Is a directory
grep: ./node_modules/postcss-minify-selectors: Is a directory
grep: ./node_modules/postcss-minify-selectors/dist: Is a directory
grep: ./node_modules/postcss-minify-selectors/dist/lib: Is a directory
grep: ./node_modules/postcss-minify-selectors/node_modules: Is a directory
grep: ./node_modules/postcss-minify-selectors/node_modules/postcss-selector-parser: Is a directory
grep: ./node_modules/postcss-minify-selectors/node_modules/postcss-selector-parser/dist: Is a directory
grep: ./node_modules/postcss-minify-selectors/node_modules/postcss-selector-parser/dist/selectors: Is a directory
grep: ./node_modules/eventsource: Is a directory
grep: ./node_modules/eventsource/example: Is a directory
grep: ./node_modules/eventsource/lib: Is a directory
grep: ./node_modules/xml2js: Is a directory
grep: ./node_modules/xml2js/lib: Is a directory
grep: ./node_modules/redent: Is a directory
grep: ./node_modules/posix-character-classes: Is a directory
grep: ./node_modules/jwa: Is a directory
grep: ./node_modules/path-is-absolute: Is a directory
grep: ./node_modules/util.promisify: Is a directory
grep: ./node_modules/util.promisify/test: Is a directory
grep: ./node_modules/util.promisify/.github: Is a directory
grep: ./node_modules/collection-visit: Is a directory
grep: ./node_modules/asap: Is a directory
grep: ./node_modules/console-browserify: Is a directory
grep: ./node_modules/console-browserify/test: Is a directory
grep: ./node_modules/console-browserify/test/static: Is a directory
grep: ./node_modules/json-parse-even-better-errors: Is a directory
grep: ./node_modules/errno: Is a directory
grep: ./node_modules/normalize-package-data: Is a directory
grep: ./node_modules/normalize-package-data/node_modules: Is a directory
grep: ./node_modules/normalize-package-data/node_modules/.bin: Is a directory
grep: ./node_modules/normalize-package-data/node_modules/semver: Is a directory
grep: ./node_modules/normalize-package-data/node_modules/semver/bin: Is a directory
grep: ./node_modules/normalize-package-data/lib: Is a directory
grep: ./node_modules/is-wsl: Is a directory
grep: ./node_modules/functions-have-names: Is a directory
grep: ./node_modules/functions-have-names/test: Is a directory
grep: ./node_modules/functions-have-names/.github: Is a directory
grep: ./node_modules/obuf: Is a directory
grep: ./node_modules/obuf/test: Is a directory
grep: ./node_modules/stack-utils: Is a directory
grep: ./node_modules/stack-utils/node_modules: Is a directory
grep: ./node_modules/stack-utils/node_modules/escape-string-regexp: Is a directory
grep: ./node_modules/.bin: Is a directory
grep: ./node_modules/http-deceiver: Is a directory
grep: ./node_modules/http-deceiver/test: Is a directory
grep: ./node_modules/http-deceiver/lib: Is a directory
grep: ./node_modules/is-array-buffer: Is a directory
grep: ./node_modules/is-array-buffer/test: Is a directory
grep: ./node_modules/is-array-buffer/.github: Is a directory
grep: ./node_modules/create-hmac: Is a directory
grep: ./node_modules/jest-worker: Is a directory
grep: ./node_modules/jest-worker/node_modules: Is a directory
grep: ./node_modules/jest-worker/node_modules/supports-color: Is a directory
grep: ./node_modules/jest-worker/build: Is a directory
grep: ./node_modules/jest-worker/build/workers: Is a directory
grep: ./node_modules/jest-worker/build/base: Is a directory
grep: ./node_modules/aws-sign2: Is a directory
grep: ./node_modules/@tootallnate: Is a directory
grep: ./node_modules/has-property-descriptors: Is a directory
grep: ./node_modules/has-property-descriptors/test: Is a directory
grep: ./node_modules/has-property-descriptors/.github: Is a directory
grep: ./node_modules/spdx-exceptions: Is a directory
grep: ./node_modules/csstype: Is a directory
grep: ./node_modules/microevent.ts: Is a directory
grep: ./node_modules/microevent.ts/test: Is a directory
grep: ./node_modules/microevent.ts/lib: Is a directory
grep: ./node_modules/microevent.ts/src: Is a directory
grep: ./node_modules/toidentifier: Is a directory
grep: ./node_modules/extend: Is a directory
grep: ./node_modules/string.prototype.trimend: Is a directory
grep: ./node_modules/string.prototype.trimend/test: Is a directory
grep: ./node_modules/icss-replace-symbols: Is a directory
grep: ./node_modules/icss-replace-symbols/lib: Is a directory
grep: ./node_modules/isobject: Is a directory
grep: ./node_modules/vendors: Is a directory
grep: ./node_modules/path-type: Is a directory
grep: ./node_modules/har-validator: Is a directory
grep: ./node_modules/har-validator/lib: Is a directory
grep: ./node_modules/ret: Is a directory
grep: ./node_modules/ret/lib: Is a directory
grep: ./node_modules/watchpack-chokidar2: Is a directory
grep: ./node_modules/make-dir: Is a directory
grep: ./node_modules/make-dir/node_modules: Is a directory
grep: ./node_modules/make-dir/node_modules/.bin: Is a directory
grep: ./node_modules/make-dir/node_modules/semver: Is a directory
grep: ./node_modules/make-dir/node_modules/semver/bin: Is a directory
grep: ./node_modules/tty-browserify: Is a directory
grep: ./node_modules/workbox-webpack-plugin: Is a directory
grep: ./node_modules/workbox-webpack-plugin/build: Is a directory
grep: ./node_modules/workbox-webpack-plugin/build/lib: Is a directory
grep: ./node_modules/lodash.memoize: Is a directory
grep: ./node_modules/stylis: Is a directory
grep: ./node_modules/stylis/dist: Is a directory
grep: ./node_modules/stylis/dist/umd: Is a directory
grep: ./node_modules/stylis/src: Is a directory
grep: ./node_modules/mimic-fn: Is a directory
grep: ./node_modules/strip-ansi: Is a directory
grep: ./node_modules/strip-ansi/node_modules: Is a directory
grep: ./node_modules/strip-ansi/node_modules/ansi-regex: Is a directory
grep: ./node_modules/snapdragon-node: Is a directory
grep: ./node_modules/snapdragon-node/node_modules: Is a directory
grep: ./node_modules/snapdragon-node/node_modules/define-property: Is a directory
grep: ./node_modules/content-type: Is a directory
grep: ./node_modules/react-is: Is a directory
grep: ./node_modules/react-is/umd: Is a directory
grep: ./node_modules/react-is/cjs: Is a directory
grep: ./node_modules/pkg-dir: Is a directory
grep: ./node_modules/is-typed-array: Is a directory
grep: ./node_modules/is-typed-array/test: Is a directory
grep: ./node_modules/is-typed-array/.github: Is a directory
grep: ./node_modules/is-path-in-cwd: Is a directory
grep: ./node_modules/react-transition-group: Is a directory
grep: ./node_modules/react-transition-group/Transition: Is a directory
grep: ./node_modules/react-transition-group/dist: Is a directory
grep: ./node_modules/react-transition-group/config: Is a directory
grep: ./node_modules/react-transition-group/esm: Is a directory
grep: ./node_modules/react-transition-group/esm/utils: Is a directory
grep: ./node_modules/react-transition-group/TransitionGroup: Is a directory
grep: ./node_modules/react-transition-group/TransitionGroupContext: Is a directory
grep: ./node_modules/react-transition-group/ReplaceTransition: Is a directory
grep: ./node_modules/react-transition-group/CSSTransition: Is a directory
grep: ./node_modules/react-transition-group/SwitchTransition: Is a directory
grep: ./node_modules/react-transition-group/cjs: Is a directory
grep: ./node_modules/react-transition-group/cjs/utils: Is a directory
grep: ./node_modules/function.prototype.name: Is a directory
grep: ./node_modules/function.prototype.name/test: Is a directory
grep: ./node_modules/function.prototype.name/.github: Is a directory
grep: ./node_modules/function.prototype.name/helpers: Is a directory
grep: ./node_modules/unset-value: Is a directory
grep: ./node_modules/unset-value/node_modules: Is a directory
grep: ./node_modules/unset-value/node_modules/has-values: Is a directory
grep: ./node_modules/unset-value/node_modules/has-value: Is a directory
grep: ./node_modules/unset-value/node_modules/has-value/node_modules: Is a directory
grep: ./node_modules/unset-value/node_modules/has-value/node_modules/isobject: Is a directory
grep: ./node_modules/unset-value/node_modules/isarray: Is a directory
grep: ./node_modules/postcss-minify-font-values: Is a directory
grep: ./node_modules/postcss-minify-font-values/dist: Is a directory
grep: ./node_modules/postcss-minify-font-values/dist/lib: Is a directory
grep: ./node_modules/dotenv-expand: Is a directory
grep: ./node_modules/dotenv-expand/lib: Is a directory
grep: ./node_modules/istanbul-reports: Is a directory
grep: ./node_modules/istanbul-reports/lib: Is a directory
grep: ./node_modules/istanbul-reports/lib/text-lcov: Is a directory
grep: ./node_modules/istanbul-reports/lib/clover: Is a directory
grep: ./node_modules/istanbul-reports/lib/cobertura: Is a directory
grep: ./node_modules/istanbul-reports/lib/json-summary: Is a directory
grep: ./node_modules/istanbul-reports/lib/html: Is a directory
grep: ./node_modules/istanbul-reports/lib/html/assets: Is a directory
grep: ./node_modules/istanbul-reports/lib/html/assets/vendor: Is a directory
grep: ./node_modules/istanbul-reports/lib/lcov: Is a directory
grep: ./node_modules/istanbul-reports/lib/teamcity: Is a directory
grep: ./node_modules/istanbul-reports/lib/json: Is a directory
grep: ./node_modules/istanbul-reports/lib/lcovonly: Is a directory
grep: ./node_modules/istanbul-reports/lib/text-summary: Is a directory
grep: ./node_modules/istanbul-reports/lib/text: Is a directory
grep: ./node_modules/istanbul-reports/lib/none: Is a directory
grep: ./node_modules/ssri: Is a directory
grep: ./node_modules/call-me-maybe: Is a directory
grep: ./node_modules/call-me-maybe/src: Is a directory
grep: ./node_modules/webpack-manifest-plugin: Is a directory
grep: ./node_modules/webpack-manifest-plugin/lib: Is a directory
grep: ./node_modules/lodash.templatesettings: Is a directory
grep: ./node_modules/rgba-regex: Is a directory
grep: ./node_modules/rgba-regex/test: Is a directory
grep: ./node_modules/arr-union: Is a directory
grep: ./node_modules/@pmmmwh: Is a directory
grep: ./node_modules/@leichtgewicht: Is a directory
grep: ./node_modules/lodash._reinterpolate: Is a directory
grep: ./node_modules/mixin-deep: Is a directory
grep: ./node_modules/mixin-deep/node_modules: Is a directory
grep: ./node_modules/mixin-deep/node_modules/is-extendable: Is a directory
grep: ./node_modules/flatted: Is a directory
grep: ./node_modules/flatted/esm: Is a directory
grep: ./node_modules/flatted/.github: Is a directory
grep: ./node_modules/flatted/cjs: Is a directory
grep: ./node_modules/wbuf: Is a directory
grep: ./node_modules/wbuf/test: Is a directory
grep: ./node_modules/invariant: Is a directory
grep: ./node_modules/loose-envify: Is a directory
grep: ./node_modules/is-path-cwd: Is a directory
grep: ./node_modules/import-local: Is a directory
grep: ./node_modules/import-local/fixtures: Is a directory
grep: ./node_modules/duplexer: Is a directory
grep: ./node_modules/duplexer/test: Is a directory
grep: ./node_modules/babel-plugin-macros: Is a directory
grep: ./node_modules/babel-plugin-macros/dist: Is a directory
grep: ./node_modules/is-obj: Is a directory
grep: ./node_modules/has-proto: Is a directory
grep: ./node_modules/has-proto/test: Is a directory
grep: ./node_modules/has-proto/.github: Is a directory
grep: ./node_modules/postcss-normalize-unicode: Is a directory
grep: ./node_modules/postcss-normalize-unicode/dist: Is a directory
grep: ./node_modules/chardet: Is a directory
grep: ./node_modules/chardet/encoding: Is a directory
grep: ./node_modules/num2fraction: Is a directory
grep: ./node_modules/string.prototype.trimstart: Is a directory
grep: ./node_modules/string.prototype.trimstart/test: Is a directory
grep: ./node_modules/map-age-cleaner: Is a directory
grep: ./node_modules/map-age-cleaner/dist: Is a directory
grep: ./node_modules/makeerror: Is a directory
grep: ./node_modules/makeerror/lib: Is a directory
grep: ./node_modules/postcss-reduce-transforms: Is a directory
grep: ./node_modules/postcss-reduce-transforms/dist: Is a directory
grep: ./node_modules/he: Is a directory
grep: ./node_modules/he/man: Is a directory
grep: ./node_modules/he/bin: Is a directory
grep: ./node_modules/require-main-filename: Is a directory
grep: ./node_modules/os-tmpdir: Is a directory
grep: ./node_modules/ms: Is a directory
grep: ./node_modules/content-disposition: Is a directory
grep: ./node_modules/postcss-minify-gradients: Is a directory
grep: ./node_modules/postcss-minify-gradients/dist: Is a directory
grep: ./node_modules/loader-fs-cache: Is a directory
grep: ./node_modules/loader-fs-cache/node_modules: Is a directory
grep: ./node_modules/loader-fs-cache/node_modules/pkg-dir: Is a directory
grep: ./node_modules/loader-fs-cache/node_modules/path-exists: Is a directory
grep: ./node_modules/loader-fs-cache/node_modules/find-up: Is a directory
grep: ./node_modules/loader-fs-cache/node_modules/find-cache-dir: Is a directory
grep: ./node_modules/lodash.debounce: Is a directory
grep: ./node_modules/webpack-sources: Is a directory
grep: ./node_modules/webpack-sources/lib: Is a directory
grep: ./node_modules/web-vitals: Is a directory
grep: ./node_modules/web-vitals/dist: Is a directory
grep: ./node_modules/web-vitals/dist/modules: Is a directory
grep: ./node_modules/web-vitals/dist/modules/lib: Is a directory
grep: ./node_modules/web-vitals/dist/modules/lib/polyfills: Is a directory
grep: ./node_modules/web-vitals/src: Is a directory
grep: ./node_modules/web-vitals/src/lib: Is a directory
grep: ./node_modules/web-vitals/src/lib/polyfills: Is a directory
grep: ./node_modules/call-bind: Is a directory
grep: ./node_modules/call-bind/test: Is a directory
grep: ./node_modules/call-bind/.github: Is a directory
grep: ./node_modules/minimalistic-crypto-utils: Is a directory
grep: ./node_modules/minimalistic-crypto-utils/test: Is a directory
grep: ./node_modules/minimalistic-crypto-utils/lib: Is a directory
grep: ./node_modules/workbox-google-analytics: Is a directory
grep: ./node_modules/workbox-google-analytics/utils: Is a directory
grep: ./node_modules/workbox-google-analytics/build: Is a directory
grep: ./node_modules/browserify-cipher: Is a directory
grep: ./node_modules/methods: Is a directory
grep: ./node_modules/create-hash: Is a directory
grep: ./node_modules/postcss-minify-params: Is a directory
grep: ./node_modules/postcss-minify-params/dist: Is a directory
grep: ./node_modules/prelude-ls: Is a directory
grep: ./node_modules/prelude-ls/lib: Is a directory
grep: ./node_modules/postcss-replace-overflow-wrap: Is a directory
grep: ./node_modules/min-indent: Is a directory
grep: ./node_modules/@jest: Is a directory
grep: ./node_modules/@jest/test-sequencer: Is a directory
grep: ./node_modules/@jest/test-sequencer/build: Is a directory
grep: ./node_modules/@jest/types: Is a directory
grep: ./node_modules/@jest/types/node_modules: Is a directory
grep: ./node_modules/@jest/types/node_modules/@types: Is a directory
grep: ./node_modules/@jest/types/node_modules/@types/istanbul-reports: Is a directory
grep: ./node_modules/@jest/types/build: Is a directory
grep: ./node_modules/@jest/core: Is a directory
grep: ./node_modules/@jest/core/node_modules: Is a directory
grep: ./node_modules/@jest/core/node_modules/strip-ansi: Is a directory
grep: ./node_modules/@jest/core/node_modules/jest-resolve: Is a directory
grep: ./node_modules/@jest/core/node_modules/jest-resolve/build: Is a directory
grep: ./node_modules/@jest/core/node_modules/ansi-regex: Is a directory
grep: ./node_modules/@jest/core/node_modules/fill-range: Is a directory
grep: ./node_modules/@jest/core/node_modules/fill-range/node_modules: Is a directory
grep: ./node_modules/@jest/core/node_modules/fill-range/node_modules/extend-shallow: Is a directory
grep: ./node_modules/@jest/core/node_modules/kind-of: Is a directory
grep: ./node_modules/@jest/core/node_modules/slash: Is a directory
grep: ./node_modules/@jest/core/node_modules/is-number: Is a directory
grep: ./node_modules/@jest/core/node_modules/is-number/node_modules: Is a directory
grep: ./node_modules/@jest/core/node_modules/is-number/node_modules/kind-of: Is a directory
grep: ./node_modules/@jest/core/node_modules/to-regex-range: Is a directory
grep: ./node_modules/@jest/core/node_modules/micromatch: Is a directory
grep: ./node_modules/@jest/core/node_modules/micromatch/lib: Is a directory
grep: ./node_modules/@jest/core/node_modules/braces: Is a directory
grep: ./node_modules/@jest/core/node_modules/braces/node_modules: Is a directory
grep: ./node_modules/@jest/core/node_modules/braces/node_modules/extend-shallow: Is a directory
grep: ./node_modules/@jest/core/node_modules/braces/lib: Is a directory
grep: ./node_modules/@jest/core/build: Is a directory
grep: ./node_modules/@jest/core/build/plugins: Is a directory
grep: ./node_modules/@jest/core/build/cli: Is a directory
grep: ./node_modules/@jest/core/build/lib: Is a directory
grep: ./node_modules/@jest/core/build/assets: Is a directory
grep: ./node_modules/@jest/fake-timers: Is a directory
grep: ./node_modules/@jest/fake-timers/build: Is a directory
grep: ./node_modules/@jest/environment: Is a directory
grep: ./node_modules/@jest/environment/build: Is a directory
grep: ./node_modules/@jest/source-map: Is a directory
grep: ./node_modules/@jest/source-map/build: Is a directory
grep: ./node_modules/@jest/test-result: Is a directory
grep: ./node_modules/@jest/test-result/build: Is a directory
grep: ./node_modules/@jest/reporters: Is a directory
grep: ./node_modules/@jest/reporters/node_modules: Is a directory
grep: ./node_modules/@jest/reporters/node_modules/jest-resolve: Is a directory
grep: ./node_modules/@jest/reporters/node_modules/jest-resolve/build: Is a directory
grep: ./node_modules/@jest/reporters/node_modules/slash: Is a directory
grep: ./node_modules/@jest/reporters/build: Is a directory
grep: ./node_modules/@jest/transform: Is a directory
grep: ./node_modules/@jest/transform/node_modules: Is a directory
grep: ./node_modules/@jest/transform/node_modules/fill-range: Is a directory
grep: ./node_modules/@jest/transform/node_modules/fill-range/node_modules: Is a directory
grep: ./node_modules/@jest/transform/node_modules/fill-range/node_modules/extend-shallow: Is a directory
grep: ./node_modules/@jest/transform/node_modules/kind-of: Is a directory
grep: ./node_modules/@jest/transform/node_modules/slash: Is a directory
grep: ./node_modules/@jest/transform/node_modules/is-number: Is a directory
grep: ./node_modules/@jest/transform/node_modules/is-number/node_modules: Is a directory
grep: ./node_modules/@jest/transform/node_modules/is-number/node_modules/kind-of: Is a directory
grep: ./node_modules/@jest/transform/node_modules/convert-source-map: Is a directory
grep: ./node_modules/@jest/transform/node_modules/to-regex-range: Is a directory
grep: ./node_modules/@jest/transform/node_modules/micromatch: Is a directory
grep: ./node_modules/@jest/transform/node_modules/micromatch/lib: Is a directory
grep: ./node_modules/@jest/transform/node_modules/braces: Is a directory
grep: ./node_modules/@jest/transform/node_modules/braces/node_modules: Is a directory
grep: ./node_modules/@jest/transform/node_modules/braces/node_modules/extend-shallow: Is a directory
grep: ./node_modules/@jest/transform/node_modules/braces/lib: Is a directory
grep: ./node_modules/@jest/transform/build: Is a directory
grep: ./node_modules/@jest/expect-utils: Is a directory
grep: ./node_modules/@jest/expect-utils/node_modules: Is a directory
grep: ./node_modules/@jest/expect-utils/node_modules/jest-get-type: Is a directory
grep: ./node_modules/@jest/expect-utils/node_modules/jest-get-type/build: Is a directory
grep: ./node_modules/@jest/expect-utils/build: Is a directory
grep: ./node_modules/@jest/console: Is a directory
grep: ./node_modules/@jest/console/node_modules: Is a directory
grep: ./node_modules/@jest/console/node_modules/slash: Is a directory
grep: ./node_modules/@jest/console/build: Is a directory
grep: ./node_modules/node-releases: Is a directory
grep: ./node_modules/node-releases/data: Is a directory
grep: ./node_modules/node-releases/data/processed: Is a directory
grep: ./node_modules/node-releases/data/release-schedule: Is a directory
grep: ./node_modules/dotenv: Is a directory
grep: ./node_modules/dotenv/lib: Is a directory
grep: ./node_modules/is-root: Is a directory
grep: ./node_modules/htmlparser2: Is a directory
grep: ./node_modules/htmlparser2/lib: Is a directory
grep: ./node_modules/escape-string-regexp: Is a directory
grep: ./node_modules/cssnano-util-raw-cache: Is a directory
grep: ./node_modules/cssnano-util-raw-cache/dist: Is a directory
grep: ./node_modules/lodash.isstring: Is a directory
grep: ./node_modules/indent-string: Is a directory
grep: ./node_modules/has-tostringtag: Is a directory
grep: ./node_modules/has-tostringtag/test: Is a directory
grep: ./node_modules/has-tostringtag/test/shams: Is a directory
grep: ./node_modules/has-tostringtag/.github: Is a directory
grep: ./node_modules/babel-plugin-syntax-object-rest-spread: Is a directory
grep: ./node_modules/babel-plugin-syntax-object-rest-spread/lib: Is a directory
grep: ./node_modules/vm-browserify: Is a directory
grep: ./node_modules/vm-browserify/test: Is a directory
grep: ./node_modules/vm-browserify/example: Is a directory
grep: ./node_modules/vm-browserify/example/run: Is a directory
grep: ./node_modules/vm-browserify/.github: Is a directory
grep: ./node_modules/cssstyle: Is a directory
grep: ./node_modules/cssstyle/tests: Is a directory
grep: ./node_modules/cssstyle/scripts: Is a directory
grep: ./node_modules/cssstyle/lib: Is a directory
grep: ./node_modules/cssstyle/lib/utils: Is a directory
grep: ./node_modules/cssstyle/lib/properties: Is a directory
grep: ./node_modules/stream-shift: Is a directory
grep: ./node_modules/stream-shift/.github: Is a directory
grep: ./node_modules/stream-shift/.github/workflows: Is a directory
grep: ./node_modules/postcss-ordered-values: Is a directory
grep: ./node_modules/postcss-ordered-values/dist: Is a directory
grep: ./node_modules/postcss-ordered-values/dist/rules: Is a directory
grep: ./node_modules/postcss-ordered-values/dist/lib: Is a directory
grep: ./node_modules/strip-json-comments: Is a directory
grep: ./node_modules/elliptic: Is a directory
grep: ./node_modules/elliptic/node_modules: Is a directory
grep: ./node_modules/elliptic/node_modules/bn.js: Is a directory
grep: ./node_modules/elliptic/node_modules/bn.js/lib: Is a directory
grep: ./node_modules/elliptic/lib: Is a directory
grep: ./node_modules/elliptic/lib/elliptic: Is a directory
grep: ./node_modules/elliptic/lib/elliptic/ec: Is a directory
grep: ./node_modules/elliptic/lib/elliptic/curve: Is a directory
grep: ./node_modules/elliptic/lib/elliptic/eddsa: Is a directory
grep: ./node_modules/elliptic/lib/elliptic/precomputed: Is a directory
grep: ./node_modules/lru-cache: Is a directory
grep: ./node_modules/core-js-compat: Is a directory
grep: ./node_modules/contains-path: Is a directory
grep: ./node_modules/imurmurhash: Is a directory
grep: ./node_modules/resolve-url: Is a directory
grep: ./node_modules/resolve-url/test: Is a directory
grep: ./node_modules/mamacro: Is a directory
grep: ./node_modules/tmpl: Is a directory
grep: ./node_modules/tmpl/lib: Is a directory
grep: ./node_modules/eslint-scope: Is a directory
grep: ./node_modules/eslint-scope/lib: Is a directory
grep: ./node_modules/chownr: Is a directory
grep: ./node_modules/@popperjs: Is a directory
grep: ./node_modules/@popperjs/core: Is a directory
grep: ./node_modules/@popperjs/core/dist: Is a directory
grep: ./node_modules/@popperjs/core/dist/esm: Is a directory
grep: ./node_modules/@popperjs/core/dist/esm/modifiers: Is a directory
grep: ./node_modules/@popperjs/core/dist/esm/utils: Is a directory
grep: ./node_modules/@popperjs/core/dist/esm/dom-utils: Is a directory
grep: ./node_modules/@popperjs/core/dist/umd: Is a directory
grep: ./node_modules/@popperjs/core/dist/cjs: Is a directory
grep: ./node_modules/@popperjs/core/lib: Is a directory
grep: ./node_modules/@popperjs/core/lib/modifiers: Is a directory
grep: ./node_modules/@popperjs/core/lib/utils: Is a directory
grep: ./node_modules/@popperjs/core/lib/dom-utils: Is a directory
grep: ./node_modules/sass-loader: Is a directory
grep: ./node_modules/sass-loader/node_modules: Is a directory
grep: ./node_modules/sass-loader/node_modules/.bin: Is a directory
grep: ./node_modules/sass-loader/node_modules/shallow-clone: Is a directory
grep: ./node_modules/sass-loader/node_modules/shallow-clone/node_modules: Is a directory
grep: ./node_modules/sass-loader/node_modules/shallow-clone/node_modules/kind-of: Is a directory
grep: ./node_modules/sass-loader/node_modules/for-own: Is a directory
grep: ./node_modules/sass-loader/node_modules/pify: Is a directory
grep: ./node_modules/sass-loader/node_modules/kind-of: Is a directory
grep: ./node_modules/sass-loader/node_modules/clone-deep: Is a directory
grep: ./node_modules/sass-loader/node_modules/semver: Is a directory
grep: ./node_modules/sass-loader/node_modules/semver/bin: Is a directory
grep: ./node_modules/sass-loader/lib: Is a directory
grep: ./node_modules/last-call-webpack-plugin: Is a directory
grep: ./node_modules/last-call-webpack-plugin/src: Is a directory
grep: ./node_modules/commander: Is a directory
grep: ./node_modules/commander/typings: Is a directory
grep: ./node_modules/punycode: Is a directory
grep: ./node_modules/require-directory: Is a directory
grep: ./node_modules/proxy-addr: Is a directory
grep: ./node_modules/proxy-addr/node_modules: Is a directory
grep: ./node_modules/depd: Is a directory
grep: ./node_modules/depd/lib: Is a directory
grep: ./node_modules/depd/lib/browser: Is a directory
grep: ./node_modules/core-util-is: Is a directory
grep: ./node_modules/core-util-is/lib: Is a directory
grep: ./node_modules/pretty-error: Is a directory
grep: ./node_modules/pretty-error/test: Is a directory
grep: ./node_modules/pretty-error/lib: Is a directory
grep: ./node_modules/pretty-error/src: Is a directory
grep: ./node_modules/string.prototype.trim: Is a directory
grep: ./node_modules/string.prototype.trim/test: Is a directory
grep: ./node_modules/duplexify: Is a directory
grep: ./node_modules/atob: Is a directory
grep: ./node_modules/atob/bin: Is a directory
grep: ./node_modules/chrome-trace-event: Is a directory
grep: ./node_modules/chrome-trace-event/dist: Is a directory
grep: ./node_modules/ci-info: Is a directory
grep: ./node_modules/pbkdf2: Is a directory
grep: ./node_modules/pbkdf2/lib: Is a directory
grep: ./node_modules/autoprefixer: Is a directory
grep: ./node_modules/autoprefixer/bin: Is a directory
grep: ./node_modules/autoprefixer/node_modules: Is a directory
grep: ./node_modules/autoprefixer/node_modules/picocolors: Is a directory
grep: ./node_modules/autoprefixer/node_modules/postcss-value-parser: Is a directory
grep: ./node_modules/autoprefixer/node_modules/postcss-value-parser/lib: Is a directory
grep: ./node_modules/autoprefixer/lib: Is a directory
grep: ./node_modules/autoprefixer/lib/hacks: Is a directory
